{
  "timestamp": "2024-05-21T11:48:30.817Z",
  "level": "info",
  "message": "This is an info message",
  "data": {}
}
{
  "timestamp": "2024-05-21T11:48:30.822Z",
  "level": "warn",
  "message": "This is a warning message",
  "data": {}
}
{
  "timestamp": "2024-05-21T11:48:30.823Z",
  "level": "error",
  "message": "This is an error message",
  "data": {}
}
{
  "timestamp": "2024-05-21T11:48:30.825Z",
  "level": "info",
  "message": "This is an info message with metadata",
  "data": {
    "userId": 123,
    "operation": "update"
  }
}
{
  "timestamp": "2024-05-21T11:48:30.827Z",
  "level": "warn",
  "message": "This is a warning message with metadata",
  "data": {
    "userId": 456,
    "operation": "delete"
  }
}
{
  "timestamp": "2024-05-21T11:48:30.829Z",
  "level": "error",
  "message": "This is an error message with metadata",
  "data": {
    "userId": 789,
    "operation": "create"
  }
}
{
  "timestamp": "2024-05-21T11:49:51.990Z",
  "level": "info",
  "message": "This is an info message",
  "data": {
    "metadata": {}
  }
}
{
  "timestamp": "2024-05-21T11:49:51.994Z",
  "level": "warn",
  "message": "This is a warning message",
  "data": {
    "metadata": {}
  }
}
{
  "timestamp": "2024-05-21T11:49:51.994Z",
  "level": "error",
  "message": "This is an error message",
  "data": {
    "metadata": {}
  }
}
{
  "timestamp": "2024-05-21T11:49:51.995Z",
  "level": "info",
  "message": "This is an info message with metadata",
  "data": {
    "metadata": {
      "userId": 123,
      "operation": "update"
    }
  }
}
{
  "timestamp": "2024-05-21T11:49:51.998Z",
  "level": "warn",
  "message": "This is a warning message with metadata",
  "data": {
    "metadata": {
      "userId": 456,
      "operation": "delete"
    }
  }
}
{
  "timestamp": "2024-05-21T11:49:51.999Z",
  "level": "error",
  "message": "This is an error message with metadata",
  "data": {
    "metadata": {
      "userId": 789,
      "operation": "create"
    }
  }
}
{
  "timestamp": "2024-05-21T11:50:53.969Z",
  "level": "info",
  "message": "This is an info message",
  "data": {}
}
{
  "timestamp": "2024-05-21T11:50:53.973Z",
  "level": "warn",
  "message": "This is a warning message",
  "data": {}
}
{
  "timestamp": "2024-05-21T11:50:53.977Z",
  "level": "error",
  "message": "This is an error message",
  "data": {}
}
{
  "timestamp": "2024-05-21T11:50:53.980Z",
  "level": "info",
  "message": "This is an info message with metadata",
  "data": {
    "userId": 123,
    "operation": "update"
  }
}
{
  "timestamp": "2024-05-21T11:50:53.984Z",
  "level": "warn",
  "message": "This is a warning message with metadata",
  "data": {
    "userId": 456,
    "operation": "delete"
  }
}
{
  "timestamp": "2024-05-21T11:50:53.987Z",
  "level": "error",
  "message": "This is an error message with metadata",
  "data": {
    "userId": 789,
    "operation": "create"
  }
}
{
  "timestamp": "2024-05-21T11:51:39.390Z",
  "level": "info",
  "message": "This is an info message",
  "data": {}
}
{
  "timestamp": "2024-05-21T11:51:39.398Z",
  "level": "warn",
  "message": "This is a warning message",
  "data": {}
}
{
  "timestamp": "2024-05-21T11:51:39.401Z",
  "level": "error",
  "message": "This is an error message",
  "data": {}
}
{
  "timestamp": "2024-05-21T11:51:39.404Z",
  "level": "info",
  "message": "This is an info message with metadata",
  "data": {
    "userId": 123,
    "operation": "update"
  }
}
{
  "timestamp": "2024-05-21T11:51:39.409Z",
  "level": "warn",
  "message": "This is a warning message with metadata",
  "data": {
    "userId": 456,
    "operation": "delete"
  }
}
{
  "timestamp": "2024-05-21T11:51:39.414Z",
  "level": "error",
  "message": "This is an error message with metadata",
  "data": {
    "userId": 789,
    "operation": "create"
  }
}
undefined
undefined
undefined
undefined
undefined
undefined
undefined
undefined
undefined
undefined
undefined
undefined
undefined
undefined
undefined
undefined
undefined
undefined
undefined
undefined
undefined
undefined
undefined
undefined
undefined
undefined
undefined
undefined
undefined
undefined
